<!DOCTYPE html>
<html lang="en">
<head>
  <meta charset="utf-8">
  <meta http-equiv="X-UA-Compatible" content="IE=edge,chrome=1">
  <title> PostgreSQL9.6并行查询 - emacsist</title>
  <meta name="renderer" content="webkit" />
<meta name="viewport" content="width=device-width, initial-scale=1, maximum-scale=1"/>

<meta http-equiv="Cache-Control" content="no-transform" />
<meta http-equiv="Cache-Control" content="no-siteapp" />

<meta name="theme-color" content="#f8f5ec" />
<meta name="msapplication-navbutton-color" content="#f8f5ec">
<meta name="apple-mobile-web-app-capable" content="yes">
<meta name="apple-mobile-web-app-status-bar-style" content="#f8f5ec">


<meta name="author" content="emacsist" />
  <meta name="description" content="并行查询 这个是PostgreSQL 9.6才开始有的。 测试环境是4核心的i5CPU，其他配置为PostgreSQL默认. 测试数据 [local]:5432 sky@sky=# CREATE TABLE testcount(id int); CREATE" />

  <meta name="keywords" content="Golang, Java, PostgreSQL, Postgres, MySQL, emacsist, RabbitMQ, Go, emacs, orgmode" />






<meta name="generator" content="Hugo 0.54.0" />


<link rel="canonical" href="https://emacsist.github.io/2016/08/18/postgresql9.6%E5%B9%B6%E8%A1%8C%E6%9F%A5%E8%AF%A2/" />

<link rel="apple-touch-icon" sizes="180x180" href="/apple-touch-icon.png">
<link rel="icon" type="image/png" sizes="32x32" href="/favicon-32x32.png">
<link rel="icon" type="image/png" sizes="16x16" href="/favicon-16x16.png">
<link rel="manifest" href="/manifest.json">
<link rel="mask-icon" href="/safari-pinned-tab.svg" color="#5bbad5">




<script async src="//busuanzi.ibruce.info/busuanzi/2.3/busuanzi.pure.mini.js"></script>


<link href="/dist/even.min.css?v=3.1.1" rel="stylesheet">





<meta property="og:title" content=" PostgreSQL9.6并行查询" />
<meta property="og:description" content="并行查询 这个是PostgreSQL 9.6才开始有的。 测试环境是4核心的i5CPU，其他配置为PostgreSQL默认. 测试数据 [local]:5432 sky@sky=# CREATE TABLE testcount(id int); CREATE" />
<meta property="og:type" content="article" />
<meta property="og:url" content="https://emacsist.github.io/2016/08/18/postgresql9.6%E5%B9%B6%E8%A1%8C%E6%9F%A5%E8%AF%A2/" />
<meta property="article:published_time" content="2016-08-18T15:08:46&#43;00:00"/>
<meta property="article:modified_time" content="2016-08-18T15:08:46&#43;00:00"/>

<meta itemprop="name" content=" PostgreSQL9.6并行查询">
<meta itemprop="description" content="并行查询 这个是PostgreSQL 9.6才开始有的。 测试环境是4核心的i5CPU，其他配置为PostgreSQL默认. 测试数据 [local]:5432 sky@sky=# CREATE TABLE testcount(id int); CREATE">


<meta itemprop="datePublished" content="2016-08-18T15:08:46&#43;00:00" />
<meta itemprop="dateModified" content="2016-08-18T15:08:46&#43;00:00" />
<meta itemprop="wordCount" content="937">



<meta itemprop="keywords" content="postgresql," />
<meta name="twitter:card" content="summary"/>
<meta name="twitter:title" content=" PostgreSQL9.6并行查询"/>
<meta name="twitter:description" content="并行查询 这个是PostgreSQL 9.6才开始有的。 测试环境是4核心的i5CPU，其他配置为PostgreSQL默认. 测试数据 [local]:5432 sky@sky=# CREATE TABLE testcount(id int); CREATE"/>

<!--[if lte IE 9]>
  <script src="https://cdnjs.cloudflare.com/ajax/libs/classlist/1.1.20170427/classList.min.js"></script>
<![endif]-->

<!--[if lt IE 9]>
  <script src="https://cdn.jsdelivr.net/npm/html5shiv@3.7.3/dist/html5shiv.min.js"></script>
  <script src="https://cdn.jsdelivr.net/npm/respond.js@1.4.2/dest/respond.min.js"></script>
<![endif]-->

</head>
<body>
  <div id="mobile-navbar" class="mobile-navbar">
  <div class="mobile-header-logo">
    <a href="/" class="logo">emacsist</a>
  </div>
  <div class="mobile-navbar-icon">
    <span></span>
    <span></span>
    <span></span>
  </div>
</div>
<nav id="mobile-menu" class="mobile-menu slideout-menu">
  <ul class="mobile-menu-list">
    <a href="/">
        <li class="mobile-menu-item">Home</li>
      </a><a href="/post/">
        <li class="mobile-menu-item">Archives</li>
      </a><a href="/tags/">
        <li class="mobile-menu-item">Tags</li>
      </a><a href="/about/">
        <li class="mobile-menu-item">About</li>
      </a>
  </ul>
</nav>
  <div class="container" id="mobile-panel">
    <header id="header" class="header">
        <div class="logo-wrapper">
  <a href="/" class="logo">emacsist</a>
</div>

<nav class="site-navbar">
  <ul id="menu" class="menu">
    <li class="menu-item">
        <a class="menu-item-link" href="/">Home</a>
      </li><li class="menu-item">
        <a class="menu-item-link" href="/post/">Archives</a>
      </li><li class="menu-item">
        <a class="menu-item-link" href="/tags/">Tags</a>
      </li><li class="menu-item">
        <a class="menu-item-link" href="/about/">About</a>
      </li>
  </ul>
</nav>
    </header>

    <main id="main" class="main">
      <div class="content-wrapper">
        <div id="content" class="content">
          <article class="post">
    
    <header class="post-header">
      <h1 class="post-title"> PostgreSQL9.6并行查询</h1>

      <div class="post-meta">
        <span class="post-time"> 2016-08-18 </span>
        <div class="post-category">
            
              <a href="/categories/postgresql/"> postgresql </a>
            
              <a href="/categories/database/"> database </a>
            
          </div>
        <span class="more-meta"> 937 words </span>
        <span class="more-meta"> 2 mins read </span>
        <span id="busuanzi_container_page_pv" class="more-meta"> <span id="busuanzi_value_page_pv"><img src="/img/spinner.svg" alt="spinner.svg"/></span> times read </span>
      </div>
    </header>

    
    
<div class="post-toc" id="post-toc">
  <h2 class="post-toc-title">Contents</h2>
  
  <div class="post-toc-content">
    <nav id="TableOfContents">
<ul>
<li>
<ul>
<li><a href="#并行查询">并行查询</a>
<ul>
<li><a href="#测试数据">测试数据</a></li>
<li><a href="#非并行查询">非并行查询</a></li>
<li><a href="#开启并行查询">开启并行查询</a>
<ul>
<li><a href="#开启1个worker">开启1个worker</a></li>
<li><a href="#开启2个worker">开启2个worker</a></li>
<li><a href="#开启3个worker">开启3个worker</a></li>
<li><a href="#开启4个worker">开启4个worker</a></li>
</ul></li>
</ul></li>
<li><a href="#与并行相关的参数">与并行相关的参数</a></li>
</ul></li>
</ul>
</nav>
  </div>
</div>

    
    <div class="post-content">
      

<h2 id="并行查询">并行查询</h2>

<p>这个是PostgreSQL 9.6才开始有的。</p>

<p>测试环境是4核心的i5CPU，其他配置为PostgreSQL默认.</p>

<h3 id="测试数据">测试数据</h3>

<pre><code class="language-bash">[local]:5432 sky@sky=# CREATE TABLE testcount(id int);
CREATE TABLE
Time: 2.733 ms
[local]:5432 sky@sky=# INSERT INTO testcount VALUES (generate_series(1,15000000));
INSERT 0 15000000
Time: 11145.722 ms
[local]:5432 sky@sky=# VACUUM FULL ;
VACUUM
Time: 8084.445 ms
</code></pre>

<h3 id="非并行查询">非并行查询</h3>

<pre><code class="language-bash">[local]:5432 sky@sky=# set max_parallel_workers_per_gather = 0;
SET
Time: 0.164 ms

[local]:5432 sky@sky=# EXPLAIN (analyze, verbose, buffers) select count(1) from testcount ;
                                                             QUERY PLAN                                                              
-------------------------------------------------------------------------------------------------------------------------------------
 Aggregate  (cost=277932.75..277932.76 rows=1 width=8) (actual time=1982.173..1982.173 rows=1 loops=1)
   Output: count(1)
   Buffers: shared hit=896 read=65476
   -&gt;  Seq Scan on public.testcount  (cost=0.00..235620.60 rows=16924860 width=0) (actual time=0.022..884.887 rows=15000000 loops=1)
         Output: id
         Buffers: shared hit=896 read=65476
 Planning time: 0.029 ms
 Execution time: 1982.196 ms
(8 rows)


[local]:5432 sky@sky=# SELECT count(1) from testcount ;
  count   
----------
 15000000
(1 row)

Time: 1005.757 ms
</code></pre>

<h3 id="开启并行查询">开启并行查询</h3>

<h4 id="开启1个worker">开启1个worker</h4>

<pre><code class="language-bash">[local]:5432 sky@sky=# set max_parallel_workers_per_gather = 1;
SET
Time: 0.131 ms
[local]:5432 sky@sky=# EXPLAIN (analyze, verbose, buffers) select count(1) from testcount ;
                                                                      QUERY PLAN                                                                       
--------------------------------------------------------------------------------------------------------------------------------------------------------
 Finalize Aggregate  (cost=191819.61..191819.62 rows=1 width=8) (actual time=1016.820..1016.820 rows=1 loops=1)
   Output: count(1)
   Buffers: shared hit=1326 read=65124
   -&gt;  Gather  (cost=191819.50..191819.61 rows=1 width=8) (actual time=1016.761..1016.817 rows=2 loops=1)
         Output: (PARTIAL count(1))
         Workers Planned: 1
         Workers Launched: 1
         Buffers: shared hit=1326 read=65124
         -&gt;  Partial Aggregate  (cost=190819.50..190819.51 rows=1 width=8) (actual time=1015.814..1015.814 rows=1 loops=2)
               Output: PARTIAL count(1)
               Buffers: shared hit=1248 read=65124
               Worker 0: actual time=1014.972..1014.972 rows=1 loops=1
                 Buffers: shared hit=595 read=32170
               -&gt;  Parallel Seq Scan on public.testcount  (cost=0.00..165930.00 rows=9955800 width=0) (actual time=0.029..500.854 rows=7500000 loops=2)
                     Buffers: shared hit=1248 read=65124
                     Worker 0: actual time=0.027..491.502 rows=7404818 loops=1
                       Buffers: shared hit=595 read=32170
 Planning time: 0.033 ms
 Execution time: 1017.595 ms
(19 rows)

[local]:5432 sky@sky=# SELECT count(1) from testcount ;
  count   
----------
 15000000
(1 row)

Time: 660.512 m
</code></pre>

<h4 id="开启2个worker">开启2个worker</h4>

<pre><code class="language-bash">[local]:5432 sky@sky=# set max_parallel_workers_per_gather = 2;
SET
Time: 0.125 ms
[local]:5432 sky@sky=# EXPLAIN (analyze, verbose, buffers) select count(1) from testcount ;

                                                                       QUERY PLAN                                                                       
--------------------------------------------------------------------------------------------------------------------------------------------------------
 Finalize Aggregate  (cost=155522.53..155522.54 rows=1 width=8) (actual time=766.411..766.411 rows=1 loops=1)
   Output: count(1)
   Buffers: shared hit=1532 read=64996
   -&gt;  Gather  (cost=155522.31..155522.52 rows=2 width=8) (actual time=766.365..766.406 rows=3 loops=1)
         Output: (PARTIAL count(1))
         Workers Planned: 2
         Workers Launched: 2
         Buffers: shared hit=1532 read=64996
         -&gt;  Partial Aggregate  (cost=154522.31..154522.32 rows=1 width=8) (actual time=764.665..764.665 rows=1 loops=3)
               Output: PARTIAL count(1)
               Buffers: shared hit=1376 read=64996
               Worker 0: actual time=763.246..763.246 rows=1 loops=1
                 Buffers: shared hit=488 read=23400
               Worker 1: actual time=764.496..764.496 rows=1 loops=1
                 Buffers: shared hit=514 read=23576
               -&gt;  Parallel Seq Scan on public.testcount  (cost=0.00..136892.25 rows=7052025 width=0) (actual time=0.025..370.283 rows=5000000 loops=3)
                     Buffers: shared hit=1376 read=64996
                     Worker 0: actual time=0.018..350.004 rows=5398688 loops=1
                       Buffers: shared hit=488 read=23400
                     Worker 1: actual time=0.020..372.743 rows=5444268 loops=1
                       Buffers: shared hit=514 read=23576
 Planning time: 0.044 ms
 Execution time: 767.434 ms
(23 rows)

[local]:5432 sky@sky=# SELECT count(1) from testcount ;
  count   
----------
 15000000
(1 row)

Time: 502.905 ms
</code></pre>

<h4 id="开启3个worker">开启3个worker</h4>

<pre><code class="language-bash">[local]:5432 sky@sky=# set max_parallel_workers_per_gather = 3;
SET
Time: 0.177 ms
[local]:5432 sky@sky=# EXPLAIN (analyze, verbose, buffers) select count(1) from testcount ;
                                                                       QUERY PLAN                                                                       
--------------------------------------------------------------------------------------------------------------------------------------------------------
 Finalize Aggregate  (cost=135617.72..135617.73 rows=1 width=8) (actual time=757.778..757.778 rows=1 loops=1)
   Output: count(1)
   Buffers: shared hit=1802 read=64804
   -&gt;  Gather  (cost=135617.40..135617.71 rows=3 width=8) (actual time=757.021..757.775 rows=4 loops=1)
         Output: (PARTIAL count(1))
         Workers Planned: 3
         Workers Launched: 3
         Buffers: shared hit=1802 read=64804
         -&gt;  Partial Aggregate  (cost=134617.40..134617.41 rows=1 width=8) (actual time=753.981..753.981 rows=1 loops=4)
               Output: PARTIAL count(1)
               Buffers: shared hit=1568 read=64804
               Worker 0: actual time=749.686..749.686 rows=1 loops=1
                 Buffers: shared hit=511 read=11359
               Worker 1: actual time=753.743..753.743 rows=1 loops=1
                 Buffers: shared hit=481 read=16752
               Worker 2: actual time=755.592..755.592 rows=1 loops=1
                 Buffers: shared hit=334 read=20173
               -&gt;  Parallel Seq Scan on public.testcount  (cost=0.00..120968.32 rows=5459632 width=0) (actual time=0.019..357.230 rows=3750000 loops=4)
                     Buffers: shared hit=1568 read=64804
                     Worker 0: actual time=0.015..315.006 rows=2682548 loops=1
                       Buffers: shared hit=511 read=11359
                     Worker 1: actual time=0.015..346.246 rows=3894658 loops=1
                       Buffers: shared hit=481 read=16752
                     Worker 2: actual time=0.015..408.609 rows=4634582 loops=1
                       Buffers: shared hit=334 read=20173
 Planning time: 0.033 ms
 Execution time: 757.836 ms
(27 rows)

[local]:5432 sky@sky=# SELECT count(1) from testcount ;
  count   
----------
 15000000
(1 row)

Time: 514.604 ms

</code></pre>

<h4 id="开启4个worker">开启4个worker</h4>

<pre><code class="language-bash">[local]:5432 sky@sky=# set max_parallel_workers_per_gather = 4;
SET
Time: 0.149 ms
[local]:5432 sky@sky=# EXPLAIN (analyze, verbose, buffers) select count(1) from testcount ;


                                                                       QUERY PLAN                                                                       
--------------------------------------------------------------------------------------------------------------------------------------------------------
 Finalize Aggregate  (cost=120262.61..120262.62 rows=1 width=8) (actual time=799.792..799.792 rows=1 loops=1)
   Output: count(1)
   Buffers: shared hit=2264 read=64420
   -&gt;  Gather  (cost=120262.19..120262.60 rows=4 width=8) (actual time=799.782..799.789 rows=5 loops=1)
         Output: (PARTIAL count(1))
         Workers Planned: 4
         Workers Launched: 4
         Buffers: shared hit=2264 read=64420
         -&gt;  Partial Aggregate  (cost=119262.19..119262.20 rows=1 width=8) (actual time=791.188..791.188 rows=1 loops=5)
               Output: PARTIAL count(1)
               Buffers: shared hit=1952 read=64420
               Worker 0: actual time=793.609..793.609 rows=1 loops=1
                 Buffers: shared hit=93 read=11941
               Worker 1: actual time=783.423..783.423 rows=1 loops=1
                 Buffers: shared hit=352 read=12496
               Worker 2: actual time=787.593..787.593 rows=1 loops=1
                 Buffers: shared hit=612 read=14750
               Worker 3: actual time=791.640..791.640 rows=1 loops=1
                 Buffers: shared hit=528 read=14056
               -&gt;  Parallel Seq Scan on public.testcount  (cost=0.00..108684.15 rows=4231215 width=0) (actual time=0.017..368.500 rows=3000000 loops=5)
                     Buffers: shared hit=1952 read=64420
                     Worker 0: actual time=0.017..389.196 rows=2719684 loops=1
                       Buffers: shared hit=93 read=11941
                     Worker 1: actual time=0.016..379.447 rows=2903648 loops=1
                       Buffers: shared hit=352 read=12496
                     Worker 2: actual time=0.015..371.381 rows=3471812 loops=1
                       Buffers: shared hit=612 read=14750
                     Worker 3: actual time=0.014..315.571 rows=3295912 loops=1
                       Buffers: shared hit=528 read=14056
 Planning time: 0.030 ms
 Execution time: 802.207 ms
(31 rows)

[local]:5432 sky@sky=# SELECT count(1) from testcount ;
  count   
----------
 15000000
(1 row)

Time: 513.976 ms
</code></pre>

<h2 id="与并行相关的参数">与并行相关的参数</h2>

<p><a href="https://yq.aliyun.com/articles/59180">德哥 阿里云栖社区 PostgreSQL 9.6 并行计算 优化器算法浅析</a></p>

    </div>

    
    <div class="post-copyright">
  <p class="copyright-item">
    <span class="item-title">Author</span>
    <span class="item-content">emacsist</span>
  </p>
  <p class="copyright-item">
    <span class="item-title">LastMod</span>
    <span class="item-content">2016-08-18</span>
  </p>
  
  <p class="copyright-item">
    <span class="item-title">License</span>
    <span class="item-content"><a rel="license noopener" href="https://creativecommons.org/licenses/by-nc-nd/4.0/" target="_blank">CC BY-NC-ND 4.0</a></span>
  </p>
</div>

    
    
<div class="post-reward">
  <input type="checkbox" name="reward" id="reward" hidden />
  <label class="reward-button" for="reward">Reward</label>
  <div class="qr-code">
    
    
      <label class="qr-code-image" for="reward">
        <img class="image" src="/img/wxpay.jpeg">
        <span>wechat</span>
      </label>
    
      <label class="qr-code-image" for="reward">
        <img class="image" src="/img/alipay.jpeg">
        <span>alipay</span>
      </label>
  </div>
</div>

    <footer class="post-footer">
      <div class="post-tags">
          
          <a href="/tags/postgresql/">postgresql</a>
          
        </div>

      
      <nav class="post-nav">
        
          <a class="prev" href="/2016/08/19/postgresql%E8%8E%B7%E5%8F%96%E9%83%A8%E5%88%86%E7%BB%93%E6%9E%9C%E9%9B%86%E4%B8%AD%E5%86%8D%E8%8E%B7%E5%8F%96%E6%9C%80%E5%A4%A7%E5%80%BC%E6%9C%80%E5%B0%8F%E5%80%BC%E7%9A%84%E7%BB%93%E6%9E%9C%E9%9B%86/">
            <i class="iconfont icon-left"></i>
            <span class="prev-text nav-default"> PostgreSQL获取部分结果集中再获取最大值最小值的结果集</span>
            <span class="prev-text nav-mobile">Prev</span>
          </a>
        
          <a class="next" href="/2016/08/18/postgresql%E7%9A%84psql%E9%85%8D%E7%BD%AE/">
            <span class="next-text nav-default">PostgreSQL的psql配置</span>
            <span class="prev-text nav-mobile">Next</span>
            <i class="iconfont icon-right"></i>
          </a>
      </nav>
    </footer>
  </article>
        </div>
        
  <div id="comments-gitment"></div>
  <link rel="stylesheet" href="/lib/gitment/gitment-0.0.3.min.css">
    <script src="/lib/gitment/gitment-0.0.3.min.js"></script>
  <script type="text/javascript">
  const gitment = new Gitment({
    id: '2016-08-18 15:08:46 \x2b0000 UTC',
    title: ' PostgreSQL9.6并行查询',
    link: decodeURI(location.href),
    desc: '并行查询 这个是PostgreSQL 9.6才开始有的。 测试环境是4核心的i5CPU，其他配置为PostgreSQL默认. 测试数据 [local]:5432 sky@sky=# CREATE TABLE testcount(id int); CREATE',
    owner: 'emacsist',
    repo: 'emacsist.github.io',
    oauth: {
      client_id: 'd1456501fba5329f3afa',
      client_secret: 'd1ecbb7929a49de947215701320c60b312a72d3a'
    }
  })
  gitment.render('comments-gitment')
  </script>
  <noscript>Please enable JavaScript to view the <a href="https://github.com/imsun/gitment">comments powered by gitment.</a></noscript>

  

      </div>
    </main>

    <footer id="footer" class="footer">
      <div class="social-links">
      <a href="mailto:emacsist@qq.com" class="iconfont icon-email" title="email"></a>
      <a href="https://twitter.com/emacsist2016" class="iconfont icon-twitter" title="twitter"></a>
      <a href="https://plus.google.com/u/0/114200054463267049438" class="iconfont icon-google" title="google"></a>
      <a href="https://github.com/emacsist" class="iconfont icon-github" title="github"></a>
      <a href="https://www.zhihu.com/people/emacist" class="iconfont icon-zhihu" title="zhihu"></a>
      <a href="https://www.douban.com/people/emacsist/" class="iconfont icon-douban" title="douban"></a>
  <a href="https://emacsist.github.io/index.xml" type="application/rss+xml" class="iconfont icon-rss" title="rss"></a>
</div>

<div class="copyright">
  <span class="power-by">
    Powered by <a class="hexo-link" href="https://gohugo.io">Hugo</a>
  </span>
  <span class="division">|</span>
  <span class="theme-info">
    Theme - 
    <a class="theme-link" href="https://github.com/olOwOlo/hugo-theme-even">Even</a>
  </span>

  <div class="busuanzi-footer">
    <span id="busuanzi_container_site_pv"> site pv: <span id="busuanzi_value_site_pv"><img src="/img/spinner.svg" alt="spinner.svg"/></span> </span>
    <span class="division">|</span>
    <span id="busuanzi_container_site_uv"> site uv: <span id="busuanzi_value_site_uv"><img src="/img/spinner.svg" alt="spinner.svg"/></span> </span>
  </div>


  <span class="copyright-year">
    &copy; 
    
      2014 - 
    2019
    <span class="heart">
      <i class="iconfont icon-heart"></i>
    </span>
    <span class="author">emacsist</span>
  </span>
</div>
    </footer>

    <div class="back-to-top" id="back-to-top">
      <i class="iconfont icon-up"></i>
    </div>
  </div>
  
<script src="/lib/highlight/highlight.pack.js?v=20171001"></script><script type="text/javascript" src="/lib/jquery/jquery-3.2.1.min.js"></script>
  <script type="text/javascript" src="/lib/slideout/slideout-1.0.1.min.js"></script>
  
<script type="text/javascript" src="/dist/even.min.js?v=3.1.1"></script>
  <script type="text/javascript">
    window.MathJax = {
      tex2jax: {inlineMath: [['$','$'], ['\\(','\\)']]},
      showProcessingMessages: false,
      messageStyle: 'none'
    };
  </script>
  <script type="text/javascript" async src="https://cdnjs.cloudflare.com/ajax/libs/mathjax/2.7.2/MathJax.js?config=TeX-MML-AM_CHTML"></script>


<script type="application/javascript">
var doNotTrack = false;
if (!doNotTrack) {
	window.ga=window.ga||function(){(ga.q=ga.q||[]).push(arguments)};ga.l=+new Date;
	ga('create', 'UA-118327923-1', 'auto');
	
	ga('send', 'pageview');
}
</script>
<script async src='https://www.google-analytics.com/analytics.js'></script>








<script src="https://s13.cnzz.com/z_stat.php?id=1273926342&web_id=1273926342"></script>

</body>
</html>
