<!DOCTYPE html>
<html lang="en">
<head>
  <meta charset="utf-8">
  <meta http-equiv="X-UA-Compatible" content="IE=edge,chrome=1">
  <title>PostgreSQL MAX()和Order by DESC limit 1 - emacsist</title>
  <meta name="renderer" content="webkit" />
<meta name="viewport" content="width=device-width, initial-scale=1, maximum-scale=1"/>

<meta http-equiv="Cache-Control" content="no-transform" />
<meta http-equiv="Cache-Control" content="no-siteapp" />

<meta name="theme-color" content="#f8f5ec" />
<meta name="msapplication-navbutton-color" content="#f8f5ec">
<meta name="apple-mobile-web-app-capable" content="yes">
<meta name="apple-mobile-web-app-status-bar-style" content="#f8f5ec">


<meta name="author" content="emacsist" />
  <meta name="description" content="准备数据 postgres=# create table tmax (id int); CREATE TABLE postgres=# insert into tm tmax tmp1 postgres=# insert into tmax values (generate_series(1,100000000)); INSERT 0 100000000 postgres=# 一亿" />

  <meta name="keywords" content="Golang, Java, PostgreSQL, Postgres, MySQL, emacsist, RabbitMQ, Go, emacs, orgmode" />






<meta name="generator" content="Hugo 0.57.0" />


<link rel="canonical" href="https://emacsist.github.io/2015/12/17/postgresql-max%E5%92%8Corder-by-desc-limit-1/" />

<link href="." rel="alternate" type="application/rss+xml" title="emacsist" />
<link href="." rel="feed" type="application/rss+xml" title="emacsist" />



<link rel="apple-touch-icon" sizes="180x180" href="/apple-touch-icon.png">
<link rel="icon" type="image/png" sizes="32x32" href="/favicon-32x32.png">
<link rel="icon" type="image/png" sizes="16x16" href="/favicon-16x16.png">
<link rel="manifest" href="/manifest.json">
<link rel="mask-icon" href="/safari-pinned-tab.svg" color="#5bbad5">




<script async src="//busuanzi.ibruce.info/busuanzi/2.3/busuanzi.pure.mini.js"></script>


<link href="/dist/even.min.css?v=3.1.1" rel="stylesheet">





<meta property="og:title" content="PostgreSQL MAX()和Order by DESC limit 1" />
<meta property="og:description" content="准备数据 postgres=# create table tmax (id int); CREATE TABLE postgres=# insert into tm tmax tmp1 postgres=# insert into tmax values (generate_series(1,100000000)); INSERT 0 100000000 postgres=# 一亿" />
<meta property="og:type" content="article" />
<meta property="og:url" content="https://emacsist.github.io/2015/12/17/postgresql-max%E5%92%8Corder-by-desc-limit-1/" />
<meta property="article:published_time" content="2015-12-17T17:41:29+00:00" />
<meta property="article:modified_time" content="2015-12-17T17:41:29+00:00" />
<meta itemprop="name" content="PostgreSQL MAX()和Order by DESC limit 1">
<meta itemprop="description" content="准备数据 postgres=# create table tmax (id int); CREATE TABLE postgres=# insert into tm tmax tmp1 postgres=# insert into tmax values (generate_series(1,100000000)); INSERT 0 100000000 postgres=# 一亿">


<meta itemprop="datePublished" content="2015-12-17T17:41:29&#43;00:00" />
<meta itemprop="dateModified" content="2015-12-17T17:41:29&#43;00:00" />
<meta itemprop="wordCount" content="927">



<meta itemprop="keywords" content="postgresql,database," />
<meta name="twitter:card" content="summary"/>
<meta name="twitter:title" content="PostgreSQL MAX()和Order by DESC limit 1"/>
<meta name="twitter:description" content="准备数据 postgres=# create table tmax (id int); CREATE TABLE postgres=# insert into tm tmax tmp1 postgres=# insert into tmax values (generate_series(1,100000000)); INSERT 0 100000000 postgres=# 一亿"/>

<!--[if lte IE 9]>
  <script src="https://cdnjs.cloudflare.com/ajax/libs/classlist/1.1.20170427/classList.min.js"></script>
<![endif]-->

<!--[if lt IE 9]>
  <script src="https://cdn.jsdelivr.net/npm/html5shiv@3.7.3/dist/html5shiv.min.js"></script>
  <script src="https://cdn.jsdelivr.net/npm/respond.js@1.4.2/dest/respond.min.js"></script>
<![endif]-->

</head>
<body>
  <div id="mobile-navbar" class="mobile-navbar">
  <div class="mobile-header-logo">
    <a href="/" class="logo">emacsist</a>
  </div>
  <div class="mobile-navbar-icon">
    <span></span>
    <span></span>
    <span></span>
  </div>
</div>
<nav id="mobile-menu" class="mobile-menu slideout-menu">
  <ul class="mobile-menu-list">
    <a href="/">
        <li class="mobile-menu-item">Home</li>
      </a><a href="/post/">
        <li class="mobile-menu-item">Archives</li>
      </a><a href="/tags/">
        <li class="mobile-menu-item">Tags</li>
      </a><a href="/about/">
        <li class="mobile-menu-item">About</li>
      </a>
  </ul>
</nav>
  <div class="container" id="mobile-panel">
    <header id="header" class="header">
        <div class="logo-wrapper">
  <a href="/" class="logo">emacsist</a>
</div>

<nav class="site-navbar">
  <ul id="menu" class="menu">
    <li class="menu-item">
        <a class="menu-item-link" href="/">Home</a>
      </li><li class="menu-item">
        <a class="menu-item-link" href="/post/">Archives</a>
      </li><li class="menu-item">
        <a class="menu-item-link" href="/tags/">Tags</a>
      </li><li class="menu-item">
        <a class="menu-item-link" href="/about/">About</a>
      </li>
  </ul>
</nav>
    </header>

    <main id="main" class="main">
      <div class="content-wrapper">
        <div id="content" class="content">
          <article class="post">
    
    <header class="post-header">
      <h1 class="post-title">PostgreSQL MAX()和Order by DESC limit 1</h1>

      <div class="post-meta">
        <span class="post-time"> 2015-12-17 </span>
        <div class="post-category">
            
              <a href="/categories/postgresql/"> postgresql </a>
            
          </div>
        <span class="more-meta"> 927 words </span>
        <span class="more-meta"> 2 mins read </span>
        <span id="busuanzi_container_page_pv" class="more-meta"> <span id="busuanzi_value_page_pv"><img src="/img/spinner.svg" alt="spinner.svg"/></span> times read </span>
      </div>
    </header>

    
    
<div class="post-toc" id="post-toc">
  <h2 class="post-toc-title">Contents</h2>
  
  <div class="post-toc-content">
    <nav id="TableOfContents">
<ul>
<li>
<ul>
<li><a href="#准备数据">准备数据</a></li>
<li><a href="#一亿条无索引">一亿条无索引</a></li>
<li><a href="#一亿条-有索引">一亿条，有索引</a></li>
<li><a href="#有索引-并且是倒序索引">有索引，并且是倒序索引</a></li>
<li><a href="#推测">推测</a></li>
</ul></li>
</ul>
</nav>
  </div>
</div>

    
    <div class="post-content">
      

<h2 id="准备数据">准备数据</h2>

<pre><code class="language-bash">postgres=# create table tmax (id int);
CREATE TABLE
postgres=# insert into tm
tmax  tmp1
postgres=# insert into tmax values (generate_series(1,100000000));
INSERT 0 100000000
postgres=#
</code></pre>

<h2 id="一亿条无索引">一亿条无索引</h2>

<pre><code class="language-bash">postgres=# explain analyze verbose select max(id) from tmax ;
                                                             QUERY PLAN
-------------------------------------------------------------------------------------------------------------------------------------
 Aggregate  (cost=1692478.40..1692478.41 rows=1 width=4) (actual time=32215.384..32215.385 rows=1 loops=1)
   Output: max(id)
   -&gt;  Seq Scan on public.tmax  (cost=0.00..1442478.32 rows=100000032 width=4) (actual time=4.656..18766.501 rows=100000000 loops=1)
         Output: id
 Planning time: 0.132 ms
 Execution time: 32215.441 ms
(6 rows)

postgres=# explain analyze verbose select id from tmax order by id desc limit 1 ;
                                                                 QUERY PLAN
--------------------------------------------------------------------------------------------------------------------------------------------
 Limit  (cost=1942478.48..1942478.48 rows=1 width=4) (actual time=32789.641..32789.641 rows=1 loops=1)
   Output: id
   -&gt;  Sort  (cost=1942478.48..2192478.56 rows=100000032 width=4) (actual time=32789.640..32789.640 rows=1 loops=1)
         Output: id
         Sort Key: tmax.id
         Sort Method: top-N heapsort  Memory: 25kB
         -&gt;  Seq Scan on public.tmax  (cost=0.00..1442478.32 rows=100000032 width=4) (actual time=15.948..18095.096 rows=100000000 loops=1)
               Output: id
 Planning time: 0.101 ms
 Execution time: 32789.678 ms
(10 rows)

postgres=# explain analyze verbose select max(id) from tmax ;
                                                              QUERY PLAN
--------------------------------------------------------------------------------------------------------------------------------------
 Aggregate  (cost=1692478.40..1692478.41 rows=1 width=4) (actual time=32411.383..32411.383 rows=1 loops=1)
   Output: max(id)
   -&gt;  Seq Scan on public.tmax  (cost=0.00..1442478.32 rows=100000032 width=4) (actual time=10.210..18996.920 rows=100000000 loops=1)
         Output: id
 Planning time: 0.125 ms
 Execution time: 32411.436 ms
(6 rows)

postgres=# explain analyze verbose select id from tmax order by id desc limit 1 ;
                                                                QUERY PLAN
-------------------------------------------------------------------------------------------------------------------------------------------
 Limit  (cost=1942478.48..1942478.48 rows=1 width=4) (actual time=33312.476..33312.477 rows=1 loops=1)
   Output: id
   -&gt;  Sort  (cost=1942478.48..2192478.56 rows=100000032 width=4) (actual time=33312.474..33312.474 rows=1 loops=1)
         Output: id
         Sort Key: tmax.id
         Sort Method: top-N heapsort  Memory: 25kB
         -&gt;  Seq Scan on public.tmax  (cost=0.00..1442478.32 rows=100000032 width=4) (actual time=8.584..18551.514 rows=100000000 loops=1)
               Output: id
 Planning time: 0.100 ms
 Execution time: 33312.514 ms
(10 rows)

postgres=#

</code></pre>

<p>看执行结果是max快</p>

<h2 id="一亿条-有索引">一亿条，有索引</h2>

<pre><code class="language-bash">postgres=# create index id_tmax_index on tmax (id);
CREATE INDEX
postgres=#

postgres=# explain analyze verbose select max(id) from tmax ;
                                                                             QUERY PLAN
---------------------------------------------------------------------------------------------------------------------------------------------------------------------
 Result  (cost=0.60..0.61 rows=1 width=0) (actual time=0.041..0.042 rows=1 loops=1)
   Output: $0
   InitPlan 1 (returns $0)
     -&gt;  Limit  (cost=0.57..0.60 rows=1 width=4) (actual time=0.035..0.035 rows=1 loops=1)
           Output: tmax.id
           -&gt;  Index Only Scan Backward using id_tmax_index on public.tmax  (cost=0.57..3289257.57 rows=100000000 width=4) (actual time=0.033..0.033 rows=1 loops=1)
                 Output: tmax.id
                 Index Cond: (tmax.id IS NOT NULL)
                 Heap Fetches: 1
 Planning time: 0.198 ms
 Execution time: 0.092 ms
(11 rows)

postgres=# explain analyze verbose select id from tmax order by id desc limit 1 ;
                                                                         QUERY PLAN
-------------------------------------------------------------------------------------------------------------------------------------------------------------
 Limit  (cost=0.57..0.60 rows=1 width=4) (actual time=0.029..0.030 rows=1 loops=1)
   Output: id
   -&gt;  Index Only Scan Backward using id_tmax_index on public.tmax  (cost=0.57..3039257.57 rows=100000000 width=4) (actual time=0.027..0.027 rows=1 loops=1)
         Output: id
         Heap Fetches: 1
 Planning time: 0.143 ms
 Execution time: 0.065 ms
(7 rows)

postgres=# explain analyze verbose select max(id) from tmax ;
                                                                             QUERY PLAN
---------------------------------------------------------------------------------------------------------------------------------------------------------------------
 Result  (cost=0.60..0.61 rows=1 width=0) (actual time=0.042..0.043 rows=1 loops=1)
   Output: $0
   InitPlan 1 (returns $0)
     -&gt;  Limit  (cost=0.57..0.60 rows=1 width=4) (actual time=0.036..0.037 rows=1 loops=1)
           Output: tmax.id
           -&gt;  Index Only Scan Backward using id_tmax_index on public.tmax  (cost=0.57..3289257.57 rows=100000000 width=4) (actual time=0.034..0.034 rows=1 loops=1)
                 Output: tmax.id
                 Index Cond: (tmax.id IS NOT NULL)
                 Heap Fetches: 1
 Planning time: 0.199 ms
 Execution time: 0.092 ms
(11 rows)

postgres=# explain analyze verbose select id from tmax order by id desc limit 1 ;
                                                                         QUERY PLAN
-------------------------------------------------------------------------------------------------------------------------------------------------------------
 Limit  (cost=0.57..0.60 rows=1 width=4) (actual time=0.030..0.030 rows=1 loops=1)
   Output: id
   -&gt;  Index Only Scan Backward using id_tmax_index on public.tmax  (cost=0.57..3039257.57 rows=100000000 width=4) (actual time=0.029..0.029 rows=1 loops=1)
         Output: id
         Heap Fetches: 1
 Planning time: 0.144 ms
 Execution time: 0.073 ms
(7 rows)

postgres=#
</code></pre>

<p>有索引，就是order by 快一点点.</p>

<h2 id="有索引-并且是倒序索引">有索引，并且是倒序索引</h2>

<pre><code class="language-bash">postgres=# create index id_tmax_index on tmax (id desc);
CREATE INDEX
postgres=#

postgres=# explain analyze verbose select max(id) from tmax ;
                                                                         QUERY PLAN
------------------------------------------------------------------------------------------------------------------------------------------------------------
 Result  (cost=0.60..0.61 rows=1 width=0) (actual time=0.076..0.076 rows=1 loops=1)
   Output: $0
   InitPlan 1 (returns $0)
     -&gt;  Limit  (cost=0.57..0.60 rows=1 width=4) (actual time=0.071..0.071 rows=1 loops=1)
           Output: tmax.id
           -&gt;  Index Only Scan using id_tmax_index on public.tmax  (cost=0.57..3289257.57 rows=100000000 width=4) (actual time=0.069..0.069 rows=1 loops=1)
                 Output: tmax.id
                 Index Cond: (tmax.id IS NOT NULL)
                 Heap Fetches: 1
 Planning time: 0.200 ms
 Execution time: 0.128 ms
(11 rows)

postgres=# explain analyze verbose select max(id) from tmax ;
                                                                         QUERY PLAN
------------------------------------------------------------------------------------------------------------------------------------------------------------
 Result  (cost=0.60..0.61 rows=1 width=0) (actual time=0.075..0.076 rows=1 loops=1)
   Output: $0
   InitPlan 1 (returns $0)
     -&gt;  Limit  (cost=0.57..0.60 rows=1 width=4) (actual time=0.068..0.069 rows=1 loops=1)
           Output: tmax.id
           -&gt;  Index Only Scan using id_tmax_index on public.tmax  (cost=0.57..3289257.57 rows=100000000 width=4) (actual time=0.067..0.067 rows=1 loops=1)
                 Output: tmax.id
                 Index Cond: (tmax.id IS NOT NULL)
                 Heap Fetches: 1
 Planning time: 0.184 ms
 Execution time: 0.123 ms
(11 rows)

postgres=# explain analyze verbose select id from tmax order by id desc limit 1 ;
                                                                     QUERY PLAN
----------------------------------------------------------------------------------------------------------------------------------------------------
 Limit  (cost=0.57..0.60 rows=1 width=4) (actual time=0.055..0.055 rows=1 loops=1)
   Output: id
   -&gt;  Index Only Scan using id_tmax_index on public.tmax  (cost=0.57..3039257.57 rows=100000000 width=4) (actual time=0.053..0.053 rows=1 loops=1)
         Output: id
         Heap Fetches: 1
 Planning time: 0.133 ms
 Execution time: 0.098 ms
(7 rows)

postgres=# explain analyze verbose select id from tmax order by id desc limit 1 ;
                                                                     QUERY PLAN
----------------------------------------------------------------------------------------------------------------------------------------------------
 Limit  (cost=0.57..0.60 rows=1 width=4) (actual time=0.054..0.054 rows=1 loops=1)
   Output: id
   -&gt;  Index Only Scan using id_tmax_index on public.tmax  (cost=0.57..3039257.57 rows=100000000 width=4) (actual time=0.052..0.052 rows=1 loops=1)
         Output: id
         Heap Fetches: 1
 Planning time: 0.135 ms
 Execution time: 0.098 ms
(7 rows)

postgres=#

</code></pre>

<p>有索引，并且是倒序索引，也还是order by 快一点点</p>

<h2 id="推测">推测</h2>

<p>max在无索引，还是有索引，综合好一点，所以统一习惯写max().</p>

    </div>

    
    <div class="post-copyright">
  <p class="copyright-item">
    <span class="item-title">Author</span>
    <span class="item-content">emacsist</span>
  </p>
  <p class="copyright-item">
    <span class="item-title">LastMod</span>
    <span class="item-content">2015-12-17</span>
  </p>
  
  <p class="copyright-item">
    <span class="item-title">License</span>
    <span class="item-content"><a rel="license noopener" href="https://creativecommons.org/licenses/by-nc-nd/4.0/" target="_blank">CC BY-NC-ND 4.0</a></span>
  </p>
</div>

    
    
<div class="post-reward">
  <input type="checkbox" name="reward" id="reward" hidden />
  <label class="reward-button" for="reward">Reward</label>
  <div class="qr-code">
    
    
      <label class="qr-code-image" for="reward">
        <img class="image" src="/img/wxpay.jpeg">
        <span>wechat</span>
      </label>
    
      <label class="qr-code-image" for="reward">
        <img class="image" src="/img/alipay.jpeg">
        <span>alipay</span>
      </label>
  </div>
</div>

    <footer class="post-footer">
      <div class="post-tags">
          
          <a href="/tags/postgresql/">postgresql</a>
          
          <a href="/tags/database/">database</a>
          
        </div>

      
      <nav class="post-nav">
        
          <a class="prev" href="https://emacsist.github.io/2015/12/17/java-for-each-%E4%BF%AE%E6%94%B9%E9%97%AE%E9%A2%98/">
            <i class="iconfont icon-left"></i>
            <span class="prev-text nav-default">Java for-each 修改问题</span>
            <span class="prev-text nav-mobile">Prev</span>
          </a>
        
          <a class="next" href="https://emacsist.github.io/2015/12/17/%E5%BD%BB%E5%BA%95%E4%BA%86%E8%A7%A3spring-%E4%B8%AD-rabbitmq%E9%85%8D%E7%BD%AE%E7%9A%84concurrency-%E5%92%8C-task-executor/">
            <span class="next-text nav-default">彻底了解Spring 中 RabbitMQ配置的concurrency 和 task-executor</span>
            <span class="prev-text nav-mobile">Next</span>
            <i class="iconfont icon-right"></i>
          </a>
      </nav>
    </footer>
  </article>
        </div>
        
  <div id="comments-gitment"></div>
  <link rel="stylesheet" href="/lib/gitment/gitment-0.0.3.min.css">
    <script src="/lib/gitment/gitment-0.0.3.min.js"></script>
  <script type="text/javascript">
  const gitment = new Gitment({
    id: '2015-12-17 17:41:29 \x2b0000 UTC',
    title: 'PostgreSQL MAX()和Order by DESC limit 1',
    link: decodeURI(location.href),
    desc: '准备数据 postgres=# create table tmax (id int); CREATE TABLE postgres=# insert into tm tmax tmp1 postgres=# insert into tmax values (generate_series(1,100000000)); INSERT 0 100000000 postgres=# 一亿',
    owner: 'emacsist',
    repo: 'emacsist.github.io',
    oauth: {
      client_id: 'd1456501fba5329f3afa',
      client_secret: 'd1ecbb7929a49de947215701320c60b312a72d3a'
    }
  })
  gitment.render('comments-gitment')
  </script>
  <noscript>Please enable JavaScript to view the <a href="https://github.com/imsun/gitment">comments powered by gitment.</a></noscript>

  

      </div>
    </main>

    <footer id="footer" class="footer">
      <div class="social-links">
      <a href="mailto:emacsist@qq.com" class="iconfont icon-email" title="email"></a>
      <a href="https://twitter.com/emacsist2016" class="iconfont icon-twitter" title="twitter"></a>
      <a href="https://plus.google.com/u/0/114200054463267049438" class="iconfont icon-google" title="google"></a>
      <a href="https://github.com/emacsist" class="iconfont icon-github" title="github"></a>
      <a href="https://www.zhihu.com/people/emacist" class="iconfont icon-zhihu" title="zhihu"></a>
      <a href="https://www.douban.com/people/emacsist/" class="iconfont icon-douban" title="douban"></a>
  <a href="https://emacsist.github.io/index.xml" type="application/rss+xml" class="iconfont icon-rss" title="rss"></a>
</div>

<div class="copyright">
  <span class="power-by">
    Powered by <a class="hexo-link" href="https://gohugo.io">Hugo</a>
  </span>
  <span class="division">|</span>
  <span class="theme-info">
    Theme - 
    <a class="theme-link" href="https://github.com/olOwOlo/hugo-theme-even">Even</a>
  </span>

  <div class="busuanzi-footer">
    <span id="busuanzi_container_site_pv"> site pv: <span id="busuanzi_value_site_pv"><img src="/img/spinner.svg" alt="spinner.svg"/></span> </span>
    <span class="division">|</span>
    <span id="busuanzi_container_site_uv"> site uv: <span id="busuanzi_value_site_uv"><img src="/img/spinner.svg" alt="spinner.svg"/></span> </span>
  </div>


  <span class="copyright-year">
    &copy; 
    
      2014 - 
    2020
    <span class="heart">
      <i class="iconfont icon-heart"></i>
    </span>
    <span class="author">emacsist</span>
  </span>
</div>
    </footer>

    <div class="back-to-top" id="back-to-top">
      <i class="iconfont icon-up"></i>
    </div>
  </div>
  
<script src="/lib/highlight/highlight.pack.js?v=20171001"></script><script type="text/javascript" src="/lib/jquery/jquery-3.2.1.min.js"></script>
  <script type="text/javascript" src="/lib/slideout/slideout-1.0.1.min.js"></script>
  
<script type="text/javascript" src="/dist/even.min.js?v=3.1.1"></script>
  <script type="text/javascript">
    window.MathJax = {
      tex2jax: {inlineMath: [['$','$'], ['\\(','\\)']]},
      showProcessingMessages: false,
      messageStyle: 'none'
    };
  </script>
  <script type="text/javascript" async src="https://cdnjs.cloudflare.com/ajax/libs/mathjax/2.7.2/MathJax.js?config=TeX-MML-AM_CHTML"></script>


<script type="application/javascript">
var doNotTrack = false;
if (!doNotTrack) {
	window.ga=window.ga||function(){(ga.q=ga.q||[]).push(arguments)};ga.l=+new Date;
	ga('create', 'UA-118327923-1', 'auto');
	
	ga('send', 'pageview');
}
</script>
<script async src='https://www.google-analytics.com/analytics.js'></script>









<script type="text/javascript">var cnzz_protocol = (("https:" == document.location.protocol) ? "https://" : "http://");document.write(unescape("%3Cspan id='cnzz_stat_icon_1278300546'%3E%3C/span%3E%3Cscript src='" + cnzz_protocol + "s4.cnzz.com/z_stat.php%3Fid%3D1278300546%26show%3Dpic' type='text/javascript'%3E%3C/script%3E"));</script>
</body>
</html>
