<!DOCTYPE html>
<html lang="en">
<head>
  <meta charset="utf-8">
  <meta http-equiv="X-UA-Compatible" content="IE=edge,chrome=1">
  <title>SQL的各种join - emacsist</title>
  <meta name="renderer" content="webkit" />
<meta name="viewport" content="width=device-width, initial-scale=1, maximum-scale=1"/>

<meta http-equiv="Cache-Control" content="no-transform" />
<meta http-equiv="Cache-Control" content="no-siteapp" />

<meta name="theme-color" content="#f8f5ec" />
<meta name="msapplication-navbutton-color" content="#f8f5ec">
<meta name="apple-mobile-web-app-capable" content="yes">
<meta name="apple-mobile-web-app-status-bar-style" content="#f8f5ec">


<meta name="author" content="emacsist" />
  <meta name="description" content="测试表数据 t1 sky=# select * from t1; id | name ----&#43;------ 1 | n1 2 | n2 3 | n3 4 | n4 5 | n5" />

  <meta name="keywords" content="Golang, Java, PostgreSQL, Postgres, MySQL, emacsist, RabbitMQ, Go, emacs, orgmode" />






<meta name="generator" content="Hugo 0.57.0" />


<link rel="canonical" href="https://emacsist.github.io/2016/02/01/sql%E7%9A%84%E5%90%84%E7%A7%8Djoin/" />

<link href="." rel="alternate" type="application/rss+xml" title="emacsist" />
<link href="." rel="feed" type="application/rss+xml" title="emacsist" />



<link rel="apple-touch-icon" sizes="180x180" href="/apple-touch-icon.png">
<link rel="icon" type="image/png" sizes="32x32" href="/favicon-32x32.png">
<link rel="icon" type="image/png" sizes="16x16" href="/favicon-16x16.png">
<link rel="manifest" href="/manifest.json">
<link rel="mask-icon" href="/safari-pinned-tab.svg" color="#5bbad5">




<script async src="//busuanzi.ibruce.info/busuanzi/2.3/busuanzi.pure.mini.js"></script>


<link href="/dist/even.min.css?v=3.1.1" rel="stylesheet">





<meta property="og:title" content="SQL的各种join" />
<meta property="og:description" content="测试表数据 t1 sky=# select * from t1; id | name ----&#43;------ 1 | n1 2 | n2 3 | n3 4 | n4 5 | n5" />
<meta property="og:type" content="article" />
<meta property="og:url" content="https://emacsist.github.io/2016/02/01/sql%E7%9A%84%E5%90%84%E7%A7%8Djoin/" />
<meta property="article:published_time" content="2016-02-01T16:21:22+00:00" />
<meta property="article:modified_time" content="2016-02-01T16:21:22+00:00" />
<meta itemprop="name" content="SQL的各种join">
<meta itemprop="description" content="测试表数据 t1 sky=# select * from t1; id | name ----&#43;------ 1 | n1 2 | n2 3 | n3 4 | n4 5 | n5">


<meta itemprop="datePublished" content="2016-02-01T16:21:22&#43;00:00" />
<meta itemprop="dateModified" content="2016-02-01T16:21:22&#43;00:00" />
<meta itemprop="wordCount" content="719">



<meta itemprop="keywords" content="" />
<meta name="twitter:card" content="summary"/>
<meta name="twitter:title" content="SQL的各种join"/>
<meta name="twitter:description" content="测试表数据 t1 sky=# select * from t1; id | name ----&#43;------ 1 | n1 2 | n2 3 | n3 4 | n4 5 | n5"/>

<!--[if lte IE 9]>
  <script src="https://cdnjs.cloudflare.com/ajax/libs/classlist/1.1.20170427/classList.min.js"></script>
<![endif]-->

<!--[if lt IE 9]>
  <script src="https://cdn.jsdelivr.net/npm/html5shiv@3.7.3/dist/html5shiv.min.js"></script>
  <script src="https://cdn.jsdelivr.net/npm/respond.js@1.4.2/dest/respond.min.js"></script>
<![endif]-->

</head>
<body>
  <div id="mobile-navbar" class="mobile-navbar">
  <div class="mobile-header-logo">
    <a href="/" class="logo">emacsist</a>
  </div>
  <div class="mobile-navbar-icon">
    <span></span>
    <span></span>
    <span></span>
  </div>
</div>
<nav id="mobile-menu" class="mobile-menu slideout-menu">
  <ul class="mobile-menu-list">
    <a href="/">
        <li class="mobile-menu-item">Home</li>
      </a><a href="/post/">
        <li class="mobile-menu-item">Archives</li>
      </a><a href="/tags/">
        <li class="mobile-menu-item">Tags</li>
      </a><a href="/about/">
        <li class="mobile-menu-item">About</li>
      </a>
  </ul>
</nav>
  <div class="container" id="mobile-panel">
    <header id="header" class="header">
        <div class="logo-wrapper">
  <a href="/" class="logo">emacsist</a>
</div>

<nav class="site-navbar">
  <ul id="menu" class="menu">
    <li class="menu-item">
        <a class="menu-item-link" href="/">Home</a>
      </li><li class="menu-item">
        <a class="menu-item-link" href="/post/">Archives</a>
      </li><li class="menu-item">
        <a class="menu-item-link" href="/tags/">Tags</a>
      </li><li class="menu-item">
        <a class="menu-item-link" href="/about/">About</a>
      </li>
  </ul>
</nav>
    </header>

    <main id="main" class="main">
      <div class="content-wrapper">
        <div id="content" class="content">
          <article class="post">
    
    <header class="post-header">
      <h1 class="post-title">SQL的各种join</h1>

      <div class="post-meta">
        <span class="post-time"> 2016-02-01 </span>
        
        <span class="more-meta"> 719 words </span>
        <span class="more-meta"> 2 mins read </span>
        <span id="busuanzi_container_page_pv" class="more-meta"> <span id="busuanzi_value_page_pv"><img src="/img/spinner.svg" alt="spinner.svg"/></span> times read </span>
      </div>
    </header>

    
    
<div class="post-toc" id="post-toc">
  <h2 class="post-toc-title">Contents</h2>
  
  <div class="post-toc-content">
    <nav id="TableOfContents">
<ul>
<li>
<ul>
<li><a href="#测试表数据">测试表数据</a>
<ul>
<li><a href="#t1">t1</a></li>
<li><a href="#t2">t2</a></li>
</ul></li>
<li><a href="#inner-join">inner join</a></li>
<li><a href="#left-join">left join</a></li>
</ul></li>
</ul>
</nav>
  </div>
</div>

    
    <div class="post-content">
      

<h2 id="测试表数据">测试表数据</h2>

<h3 id="t1">t1</h3>

<pre><code class="language-bash">sky=# select * from t1;
 id | name
----+------
  1 | n1
  2 | n2
  3 | n3
  4 | n4
  5 | n5
  6 | n6
  7 | n7
  8 | n8
  9 | n9
 10 | n10
  1 | n11
(11 rows)

sky=#
</code></pre>

<h3 id="t2">t2</h3>

<pre><code class="language-bash">sky=# select * from t2;
 id | age | t1_id
----+-----+-------
  1 |  11 |     1
  2 |  12 |     1
  7 |  17 |     2
  3 |  13 |     4
  4 |  14 |     4
  5 |  15 |     5
  6 |  16 |     5
  8 |  18 |     7
  9 |  19 |     7
 10 |  20 |     7
(10 rows)

sky=#

</code></pre>

<h2 id="inner-join">inner join</h2>

<pre><code class="language-bash">sky=# explain analyze verbose select * from t1 inner join t2 on t1.id = t2.t1_id;
                                                     QUERY PLAN
---------------------------------------------------------------------------------------------------------------------
 Merge Join  (cost=223.19..406.47 rows=11832 width=54) (actual time=0.015..0.018 rows=12 loops=1)
   Output: t1.id, t1.name, t2.id, t2.age, t2.t1_id
   Merge Cond: (t1.id = t2.t1_id)
   -&gt;  Sort  (cost=80.64..83.54 rows=1160 width=42) (actual time=0.010..0.011 rows=9 loops=1)
         Output: t1.id, t1.name
         Sort Key: t1.id
         Sort Method: quicksort  Memory: 25kB
         -&gt;  Seq Scan on public.t1  (cost=0.00..21.60 rows=1160 width=42) (actual time=0.003..0.005 rows=11 loops=1)
               Output: t1.id, t1.name
   -&gt;  Sort  (cost=142.54..147.64 rows=2040 width=12) (actual time=0.003..0.004 rows=12 loops=1)
         Output: t2.id, t2.age, t2.t1_id
         Sort Key: t2.t1_id
         Sort Method: quicksort  Memory: 25kB
         -&gt;  Seq Scan on public.t2  (cost=0.00..30.40 rows=2040 width=12) (actual time=0.002..0.002 rows=10 loops=1)
               Output: t2.id, t2.age, t2.t1_id
 Planning time: 0.055 ms
 Execution time: 0.035 ms
(17 rows)

sky=#

sky=# explain analyze verbose select * from t1, t2 where t1.id = t2.t1_id;
                                                     QUERY PLAN
---------------------------------------------------------------------------------------------------------------------
 Merge Join  (cost=223.19..406.47 rows=11832 width=54) (actual time=0.016..0.020 rows=12 loops=1)
   Output: t1.id, t1.name, t2.id, t2.age, t2.t1_id
   Merge Cond: (t1.id = t2.t1_id)
   -&gt;  Sort  (cost=80.64..83.54 rows=1160 width=42) (actual time=0.009..0.009 rows=9 loops=1)
         Output: t1.id, t1.name
         Sort Key: t1.id
         Sort Method: quicksort  Memory: 25kB
         -&gt;  Seq Scan on public.t1  (cost=0.00..21.60 rows=1160 width=42) (actual time=0.004..0.005 rows=11 loops=1)
               Output: t1.id, t1.name
   -&gt;  Sort  (cost=142.54..147.64 rows=2040 width=12) (actual time=0.004..0.005 rows=12 loops=1)
         Output: t2.id, t2.age, t2.t1_id
         Sort Key: t2.t1_id
         Sort Method: quicksort  Memory: 25kB
         -&gt;  Seq Scan on public.t2  (cost=0.00..30.40 rows=2040 width=12) (actual time=0.001..0.001 rows=10 loops=1)
               Output: t2.id, t2.age, t2.t1_id
 Planning time: 0.052 ms
 Execution time: 0.036 ms
(17 rows)

sky=#

</code></pre>

<p>由此可知：<code>inner join</code>与<code>from t1,t2 where t1.xx = t2.xx</code>是一样的.</p>

<p><code>它的结果行数=SUM(t1中的每一行 * t2中的每一行中t2.xx=t1.xx)</code>
比如，上面的结果()，它就是（结果行数12 = <code>t1中1的为2行，t2中的1也为2行</code>即2*2=4,
<code>t1中的2为1行, t2中的2也为1行</code>，即1*1 = 1
<code>t1中的4为1行，t2中的4为2行</code>,即1*2 = 2
<code>t1中的5为1行，t2中的5为2行</code>，即1*2 = 2
<code>t1中的7为1行，t2中的7为3行</code>，即1*3 = 3
所以，总行数=4+1+2+2+3=12行.</p>

<h2 id="left-join">left join</h2>

<pre><code class="language-bash">sky=# explain analyze verbose select * from t1 left join t2 on t1.id = t2.t1_id;
                                                     QUERY PLAN
---------------------------------------------------------------------------------------------------------------------
 Merge Left Join  (cost=223.19..406.47 rows=11832 width=54) (actual time=0.025..0.028 rows=17 loops=1)
   Output: t1.id, t1.name, t2.id, t2.age, t2.t1_id
   Merge Cond: (t1.id = t2.t1_id)
   -&gt;  Sort  (cost=80.64..83.54 rows=1160 width=42) (actual time=0.018..0.018 rows=11 loops=1)
         Output: t1.id, t1.name
         Sort Key: t1.id
         Sort Method: quicksort  Memory: 25kB
         -&gt;  Seq Scan on public.t1  (cost=0.00..21.60 rows=1160 width=42) (actual time=0.012..0.013 rows=11 loops=1)
               Output: t1.id, t1.name
   -&gt;  Sort  (cost=142.54..147.64 rows=2040 width=12) (actual time=0.004..0.004 rows=12 loops=1)
         Output: t2.id, t2.age, t2.t1_id
         Sort Key: t2.t1_id
         Sort Method: quicksort  Memory: 25kB
         -&gt;  Seq Scan on public.t2  (cost=0.00..30.40 rows=2040 width=12) (actual time=0.002..0.002 rows=10 loops=1)
               Output: t2.id, t2.age, t2.t1_id
 Planning time: 0.060 ms
 Execution time: 0.046 ms
(17 rows)

sky=#
</code></pre>

    </div>

    
    <div class="post-copyright">
  <p class="copyright-item">
    <span class="item-title">Author</span>
    <span class="item-content">emacsist</span>
  </p>
  <p class="copyright-item">
    <span class="item-title">LastMod</span>
    <span class="item-content">2016-02-01</span>
  </p>
  
  <p class="copyright-item">
    <span class="item-title">License</span>
    <span class="item-content"><a rel="license noopener" href="https://creativecommons.org/licenses/by-nc-nd/4.0/" target="_blank">CC BY-NC-ND 4.0</a></span>
  </p>
</div>

    
    
<div class="post-reward">
  <input type="checkbox" name="reward" id="reward" hidden />
  <label class="reward-button" for="reward">Reward</label>
  <div class="qr-code">
    
    
      <label class="qr-code-image" for="reward">
        <img class="image" src="/img/wxpay.jpeg">
        <span>wechat</span>
      </label>
    
      <label class="qr-code-image" for="reward">
        <img class="image" src="/img/alipay.jpeg">
        <span>alipay</span>
      </label>
  </div>
</div>

    <footer class="post-footer">
      

      
      <nav class="post-nav">
        
          <a class="prev" href="https://emacsist.github.io/2016/02/14/spring-boot-%E5%AD%A6%E4%B9%A0%E4%B9%8Bhello-world%E4%B8%80/">
            <i class="iconfont icon-left"></i>
            <span class="prev-text nav-default">Spring Boot 学习之Hello World（一）</span>
            <span class="prev-text nav-mobile">Prev</span>
          </a>
        
          <a class="next" href="https://emacsist.github.io/2016/01/27/%E4%B8%80%E6%AC%A1%E7%94%9F%E4%BA%A7%E7%8E%AF%E5%A2%83java%E5%BA%94%E7%94%A8%E6%80%A7%E8%83%BD%E6%8E%92%E6%9F%A5/">
            <span class="next-text nav-default">一次生产环境Java应用性能排查</span>
            <span class="prev-text nav-mobile">Next</span>
            <i class="iconfont icon-right"></i>
          </a>
      </nav>
    </footer>
  </article>
        </div>
        
  <div id="comments-gitment"></div>
  <link rel="stylesheet" href="/lib/gitment/gitment-0.0.3.min.css">
    <script src="/lib/gitment/gitment-0.0.3.min.js"></script>
  <script type="text/javascript">
  const gitment = new Gitment({
    id: '2016-02-01 16:21:22 \x2b0000 UTC',
    title: 'SQL的各种join',
    link: decodeURI(location.href),
    desc: '测试表数据 t1 sky=# select * from t1; id | name ----\x2b------ 1 | n1 2 | n2 3 | n3 4 | n4 5 | n5',
    owner: 'emacsist',
    repo: 'emacsist.github.io',
    oauth: {
      client_id: 'd1456501fba5329f3afa',
      client_secret: 'd1ecbb7929a49de947215701320c60b312a72d3a'
    }
  })
  gitment.render('comments-gitment')
  </script>
  <noscript>Please enable JavaScript to view the <a href="https://github.com/imsun/gitment">comments powered by gitment.</a></noscript>

  

      </div>
    </main>

    <footer id="footer" class="footer">
      <div class="social-links">
      <a href="mailto:emacsist@qq.com" class="iconfont icon-email" title="email"></a>
      <a href="https://twitter.com/emacsist2016" class="iconfont icon-twitter" title="twitter"></a>
      <a href="https://plus.google.com/u/0/114200054463267049438" class="iconfont icon-google" title="google"></a>
      <a href="https://github.com/emacsist" class="iconfont icon-github" title="github"></a>
      <a href="https://www.zhihu.com/people/emacist" class="iconfont icon-zhihu" title="zhihu"></a>
      <a href="https://www.douban.com/people/emacsist/" class="iconfont icon-douban" title="douban"></a>
  <a href="https://emacsist.github.io/index.xml" type="application/rss+xml" class="iconfont icon-rss" title="rss"></a>
</div>

<div class="copyright">
  <span class="power-by">
    Powered by <a class="hexo-link" href="https://gohugo.io">Hugo</a>
  </span>
  <span class="division">|</span>
  <span class="theme-info">
    Theme - 
    <a class="theme-link" href="https://github.com/olOwOlo/hugo-theme-even">Even</a>
  </span>

  <div class="busuanzi-footer">
    <span id="busuanzi_container_site_pv"> site pv: <span id="busuanzi_value_site_pv"><img src="/img/spinner.svg" alt="spinner.svg"/></span> </span>
    <span class="division">|</span>
    <span id="busuanzi_container_site_uv"> site uv: <span id="busuanzi_value_site_uv"><img src="/img/spinner.svg" alt="spinner.svg"/></span> </span>
  </div>


  <span class="copyright-year">
    &copy; 
    
      2014 - 
    2020
    <span class="heart">
      <i class="iconfont icon-heart"></i>
    </span>
    <span class="author">emacsist</span>
  </span>
</div>
    </footer>

    <div class="back-to-top" id="back-to-top">
      <i class="iconfont icon-up"></i>
    </div>
  </div>
  
<script src="/lib/highlight/highlight.pack.js?v=20171001"></script><script type="text/javascript" src="/lib/jquery/jquery-3.2.1.min.js"></script>
  <script type="text/javascript" src="/lib/slideout/slideout-1.0.1.min.js"></script>
  
<script type="text/javascript" src="/dist/even.min.js?v=3.1.1"></script>
  <script type="text/javascript">
    window.MathJax = {
      tex2jax: {inlineMath: [['$','$'], ['\\(','\\)']]},
      showProcessingMessages: false,
      messageStyle: 'none'
    };
  </script>
  <script type="text/javascript" async src="https://cdnjs.cloudflare.com/ajax/libs/mathjax/2.7.2/MathJax.js?config=TeX-MML-AM_CHTML"></script>


<script type="application/javascript">
var doNotTrack = false;
if (!doNotTrack) {
	window.ga=window.ga||function(){(ga.q=ga.q||[]).push(arguments)};ga.l=+new Date;
	ga('create', 'UA-118327923-1', 'auto');
	
	ga('send', 'pageview');
}
</script>
<script async src='https://www.google-analytics.com/analytics.js'></script>









<script type="text/javascript">var cnzz_protocol = (("https:" == document.location.protocol) ? "https://" : "http://");document.write(unescape("%3Cspan id='cnzz_stat_icon_1278300546'%3E%3C/span%3E%3Cscript src='" + cnzz_protocol + "s4.cnzz.com/z_stat.php%3Fid%3D1278300546%26show%3Dpic' type='text/javascript'%3E%3C/script%3E"));</script>
</body>
</html>
